[?1h=[?25l[H[2J(B[mtop - 23:12:06 up 34 min,  2 users,  load average: 0.02, 0.07, 0.11(B[m[39;49m(B[m[39;49m[K
Tasks:(B[m[39;49m[1m 205 (B[m[39;49mtotal,(B[m[39;49m[1m   1 (B[m[39;49mrunning,(B[m[39;49m[1m 204 (B[m[39;49msleeping,(B[m[39;49m[1m   0 (B[m[39;49mstopped,(B[m[39;49m[1m   0 (B[m[39;49mzombie(B[m[39;49m(B[m[39;49m[K
%Cpu(s):(B[m[39;49m[1m  0.0 (B[m[39;49mus,(B[m[39;49m[1m  0.0 (B[m[39;49msy,(B[m[39;49m[1m  0.0 (B[m[39;49mni,(B[m[39;49m[1m 81.8 (B[m[39;49mid,(B[m[39;49m[1m  0.0 (B[m[39;49mwa,(B[m[39;49m[1m 18.2 (B[m[39;49mhi,(B[m[39;49m[1m  0.0 (B[m[39;49msi,(B[m[39;49m[1m  0.0 (B[m[39;49mst(B[m[39;49m(B[m (B[m[39;49m(B[m[39;49m[K
MiB Mem :(B[m[39;49m[1m   1705.5 (B[m[39;49mtotal,(B[m[39;49m[1m    204.3 (B[m[39;49mfree,(B[m[39;49m[1m   1084.1 (B[m[39;49mused,(B[m[39;49m[1m    576.8 (B[m[39;49mbuff/cache(B[m[39;49m(B[m (B[m[39;49m(B[m    (B[m[39;49m(B[m[39;49m[K
MiB Swap:(B[m[39;49m[1m   2048.0 (B[m[39;49mtotal,(B[m[39;49m[1m   2047.7 (B[m[39;49mfree,(B[m[39;49m[1m      0.3 (B[m[39;49mused.(B[m[39;49m[1m    621.3 (B[m[39;49mavail Mem (B[m[39;49m(B[m[39;49m[K
[K
[7m    PID USER      PR  NI    VIRT    RES    SHR S  %CPU  %MEM     TIME+ COMMAND  (B[m[39;49m[K
(B[m[1m   3577 king      20   0  231576   5068   2940 R  14.3   0.3   0:00.05 top      (B[m[39;49m[K
(B[m      1 root      20   0   50008  41400  10088 S   0.0   2.4   0:02.87 systemd  (B[m[39;49m[K
(B[m      2 root      20   0       0      0      0 S   0.0   0.0   0:00.00 kthreadd (B[m[39;49m[K
(B[m      3 root      20   0       0      0      0 S   0.0   0.0   0:00.00 pool_wo+ (B[m[39;49m[K
(B[m      4 root       0 -20       0      0      0 I   0.0   0.0   0:00.00 kworker+ (B[m[39;49m[K
(B[m      5 root       0 -20       0      0      0 I   0.0   0.0   0:00.00 kworker+ (B[m[39;49m[K
(B[m      6 root       0 -20       0      0      0 I   0.0   0.0   0:00.00 kworker+ (B[m[39;49m[K
(B[m      7 root       0 -20       0      0      0 I   0.0   0.0   0:00.00 kworker+ (B[m[39;49m[K
(B[m     10 root       0 -20       0      0      0 I   0.0   0.0   0:00.31 kworker+ (B[m[39;49m[K
(B[m     13 root       0 -20       0      0      0 I   0.0   0.0   0:00.00 kworker+ (B[m[39;49m[K
(B[m     14 root      20   0       0      0      0 I   0.0   0.0   0:00.00 rcu_tas+ (B[m[39;49m[K
(B[m     15 root      20   0       0      0      0 I   0.0   0.0   0:00.00 rcu_tas+ (B[m[39;49m[K
(B[m     16 root      20   0       0      0      0 I   0.0   0.0   0:00.00 rcu_tas+ (B[m[39;49m[K
(B[m     17 root      20   0       0      0      0 S   0.0   0.0   0:00.33 ksoftir+ (B[m[39;49m[K
(B[m     18 root      20   0       0      0      0 I   0.0   0.0   0:00.12 rcu_pre+ (B[m[39;49m[K
(B[m     19 root      20   0       0      0      0 S   0.0   0.0   0:00.00 rcu_exp+ (B[m[39;49m[K
(B[m     20 root      20   0       0      0      0 S   0.0   0.0   0:00.00 rcu_exp+ (B[m[39;49m[K[H(B[mtop - 23:12:09 up 34 min,  2 users,  load average: 0.02, 0.07, 0.11(B[m[39;49m(B[m[39;49m[K

%Cpu(s):(B[m[39;49m[1m  0.3 (B[m[39;49mus,(B[m[39;49m[1m  0.7 (B[m[39;49msy,(B[m[39;49m[1m  0.0 (B[m[39;49mni,(B[m[39;49m[1m 95.0 (B[m[39;49mid,(B[m[39;49m[1m  0.0 (B[m[39;49mwa,(B[m[39;49m[1m  3.6 (B[m[39;49mhi,(B[m[39;49m[1m  0.3 (B[m[39;49msi,(B[m[39;49m[1m  0.0 (B[m[39;49mst(B[m[39;49m(B[m (B[m[39;49m(B[m[39;49m[K
MiB Mem :(B[m[39;49m[1m   1705.5 (B[m[39;49mtotal,(B[m[39;49m[1m    204.3 (B[m[39;49mfree,(B[m[39;49m[1m   1084.1 (B[m[39;49mused,(B[m[39;49m[1m    576.9 (B[m[39;49mbuff/cache(B[m[39;49m(B[m (B[m[39;49m(B[m    (B[m[39;49m(B[m[39;49m[K
MiB Swap:(B[m[39;49m[1m   2048.0 (B[m[39;49mtotal,(B[m[39;49m[1m   2047.7 (B[m[39;49mfree,(B[m[39;49m[1m      0.3 (B[m[39;49mused.(B[m[39;49m[1m    621.4 (B[m[39;49mavail Mem (B[m[39;49m(B[m[39;49m[K
[K

(B[m   3157 king      20   0 1382360 314576  97396 S   1.0  18.0   0:20.61 ptyxis   (B[m[39;49m[K
(B[m   2435 king      20   0 3622228 323944 124240 S   0.7  18.5   0:31.07 gnome-s+ (B[m[39;49m[K
(B[m[1m   3577 king      20   0  231576   5392   3260 R   0.7   0.3   0:00.07 top      (B[m[39;49m[K
(B[m     66 root      20   0       0      0      0 I   0.3   0.0   0:04.16 kworker+ (B[m[39;49m[K
(B[m    100 root      20   0       0      0      0 I   0.3   0.0   0:04.28 kworker+ (B[m[39;49m[K
(B[m   3293 root      20   0       0      0      0 I   0.3   0.0   0:02.46 kworker+ (B[m[39;49m[K
(B[m      1 root      20   0   50008  41400  10088 S   0.0   2.4   0:02.87 systemd  (B[m[39;49m[K
(B[m      2 root      20   0       0      0      0 S   0.0   0.0   0:00.00 kthreadd (B[m[39;49m[K
(B[m      3 root      20   0       0      0      0 S   0.0   0.0   0:00.00 pool_wo+ (B[m[39;49m[K
(B[m      4 root       0 -20       0      0      0 I   0.0   0.0   0:00.00 kworker+ (B[m[39;49m[K
(B[m      5 root       0 -20       0      0      0 I   0.0   0.0   0:00.00 kworker+ (B[m[39;49m[K
(B[m      6 root       0 -20       0      0      0 I   0.0   0.0   0:00.00 kworker+ (B[m[39;49m[K
(B[m      7 root       0 -20       0      0      0 I   0.0   0.0   0:00.00 kworker+ (B[m[39;49m[K
(B[m     10 root       0 -20       0      0      0 I   0.0   0.0   0:00.31 kworker+ (B[m[39;49m[K
(B[m     13 root       0 -20       0      0      0 I   0.0   0.0   0:00.00 kworker+ (B[m[39;49m[K
(B[m     14 root      20   0       0      0      0 I   0.0   0.0   0:00.00 rcu_tas+ (B[m[39;49m[K
(B[m     15 root      20   0       0      0      0 I   0.0   0.0   0:00.00 rcu_tas+ (B[m[39;49m[K[H(B[mtop - 23:12:12 up 34 min,  2 users,  load average: 0.02, 0.07, 0.11(B[m[39;49m(B[m[39;49m[K

%Cpu(s):(B[m[39;49m[1m  0.0 (B[m[39;49mus,(B[m[39;49m[1m  0.3 (B[m[39;49msy,(B[m[39;49m[1m  0.0 (B[m[39;49mni,(B[m[39;49m[1m 96.5 (B[m[39;49mid,(B[m[39;49m[1m  0.0 (B[m[39;49mwa,(B[m[39;49m[1m  2.8 (B[m[39;49mhi,(B[m[39;49m[1m  0.3 (B[m[39;49msi,(B[m[39;49m[1m  0.0 (B[m[39;49mst(B[m[39;49m(B[m (B[m[39;49m(B[m[39;49m[K


[K

(B[m   2435 king      20   0 3622228 323940 124240 S   1.7  18.5   0:31.12 gnome-s+ (B[m[39;49m[K
(B[m    100 root      20   0       0      0      0 I   0.7   0.0   0:04.30 kworker+ (B[m[39;49m[K
(B[m   3157 king      20   0 1382360 314576  97396 S   0.7  18.0   0:20.63 ptyxis   (B[m[39;49m[K
(B[m[1m   3577 king      20   0  231576   5392   3260 R   0.3   0.3   0:00.08 top      (B[m[39;49m[K
(B[m      1 root      20   0   50008  41400  10088 S   0.0   2.4   0:02.87 systemd  (B[m[39;49m[K
(B[m      2 root      20   0       0      0      0 S   0.0   0.0   0:00.00 kthreadd (B[m[39;49m[K
(B[m      3 root      20   0       0      0      0 S   0.0   0.0   0:00.00 pool_wo+ (B[m[39;49m[K
(B[m      4 root       0 -20       0      0      0 I   0.0   0.0   0:00.00 kworker+ (B[m[39;49m[K
(B[m      5 root       0 -20       0      0      0 I   0.0   0.0   0:00.00 kworker+ (B[m[39;49m[K
(B[m      6 root       0 -20       0      0      0 I   0.0   0.0   0:00.00 kworker+ (B[m[39;49m[K
(B[m      7 root       0 -20       0      0      0 I   0.0   0.0   0:00.00 kworker+ (B[m[39;49m[K
(B[m     10 root       0 -20       0      0      0 I   0.0   0.0   0:00.31 kworker+ (B[m[39;49m[K
(B[m     13 root       0 -20       0      0      0 I   0.0   0.0   0:00.00 kworker+ (B[m[39;49m[K
(B[m     14 root      20   0       0      0      0 I   0.0   0.0   0:00.00 rcu_tas+ (B[m[39;49m[K
(B[m     15 root      20   0       0      0      0 I   0.0   0.0   0:00.00 rcu_tas+ (B[m[39;49m[K
(B[m     16 root      20   0       0      0      0 I   0.0   0.0   0:00.00 rcu_tas+ (B[m[39;49m[K
(B[m     17 root      20   0       0      0      0 S   0.0   0.0   0:00.33 ksoftir+ (B[m[39;49m[K[H(B[mtop - 23:12:15 up 34 min,  2 users,  load average: 0.02, 0.07, 0.11(B[m[39;49m(B[m[39;49m[K

%Cpu(s):(B[m[39;49m[1m  0.3 (B[m[39;49mus,(B[m[39;49m[1m  1.0 (B[m[39;49msy,(B[m[39;49m[1m  0.0 (B[m[39;49mni,(B[m[39;49m[1m 92.1 (B[m[39;49mid,(B[m[39;49m[1m  0.3 (B[m[39;49mwa,(B[m[39;49m[1m  5.8 (B[m[39;49mhi,(B[m[39;49m[1m  0.3 (B[m[39;49msi,(B[m[39;49m[1m  0.0 (B[m[39;49mst(B[m[39;49m(B[m (B[m[39;49m(B[m[39;49m[K
MiB Mem :(B[m[39;49m[1m   1705.5 (B[m[39;49mtotal,(B[m[39;49m[1m    204.1 (B[m[39;49mfree,(B[m[39;49m[1m   1084.3 (B[m[39;49mused,(B[m[39;49m[1m    576.9 (B[m[39;49mbuff/cache(B[m[39;49m(B[m (B[m[39;49m(B[m    (B[m[39;49m(B[m[39;49m[K
MiB Swap:(B[m[39;49m[1m   2048.0 (B[m[39;49mtotal,(B[m[39;49m[1m   2047.7 (B[m[39;49mfree,(B[m[39;49m[1m      0.3 (B[m[39;49mused.(B[m[39;49m[1m    621.1 (B[m[39;49mavail Mem (B[m[39;49m(B[m[39;49m[K
[K

(B[m   1020 root      20   0  530484   7124   5908 S   0.7   0.4   0:01.78 upowerd  (B[m[39;49m[K
(B[m[1m   3577 king      20   0  231576   5392   3260 R   0.7   0.3   0:00.10 top      (B[m[39;49m[K
(B[m     10 root       0 -20       0      0      0 I   0.3   0.0   0:00.32 kworker+ (B[m[39;49m[K
(B[m     66 root      20   0       0      0      0 I   0.3   0.0   0:04.17 kworker+ (B[m[39;49m[K
(B[m    100 root      20   0       0      0      0 I   0.3   0.0   0:04.31 kworker+ (B[m[39;49m[K
(B[m   2435 king      20   0 3622228 323940 124240 S   0.3  18.5   0:31.13 gnome-s+ (B[m[39;49m[K
(B[m   3157 king      20   0 1382360 314576  97396 S   0.3  18.0   0:20.64 ptyxis   (B[m[39;49m[K
(B[m   3293 root      20   0       0      0      0 I   0.3   0.0   0:02.47 kworker+ (B[m[39;49m[K
(B[m      1 root      20   0   50008  41400  10088 S   0.0   2.4   0:02.87 systemd  (B[m[39;49m[K
(B[m      2 root      20   0       0      0      0 S   0.0   0.0   0:00.00 kthreadd (B[m[39;49m[K
(B[m      3 root      20   0       0      0      0 S   0.0   0.0   0:00.00 pool_wo+ (B[m[39;49m[K
(B[m      4 root       0 -20       0      0      0 I   0.0   0.0   0:00.00 kworker+ (B[m[39;49m[K
(B[m      5 root       0 -20       0      0      0 I   0.0   0.0   0:00.00 kworker+ (B[m[39;49m[K
(B[m      6 root       0 -20       0      0      0 I   0.0   0.0   0:00.00 kworker+ (B[m[39;49m[K
(B[m      7 root       0 -20       0      0      0 I   0.0   0.0   0:00.00 kworker+ (B[m[39;49m[K
(B[m     13 root       0 -20       0      0      0 I   0.0   0.0   0:00.00 kworker+ (B[m[39;49m[K
(B[m     14 root      20   0       0      0      0 I   0.0   0.0   0:00.00 rcu_tas+ (B[m[39;49m[K[H(B[mtop - 23:12:18 up 34 min,  2 users,  load average: 0.02, 0.07, 0.11(B[m[39;49m(B[m[39;49m[K

%Cpu(s):(B[m[39;49m[1m  0.0 (B[m[39;49mus,(B[m[39;49m[1m  0.3 (B[m[39;49msy,(B[m[39;49m[1m  0.0 (B[m[39;49mni,(B[m[39;49m[1m 96.6 (B[m[39;49mid,(B[m[39;49m[1m  0.0 (B[m[39;49mwa,(B[m[39;49m[1m  3.1 (B[m[39;49mhi,(B[m[39;49m[1m  0.0 (B[m[39;49msi,(B[m[39;49m[1m  0.0 (B[m[39;49mst(B[m[39;49m(B[m (B[m[39;49m(B[m[39;49m[K


[K

(B[m   2435 king      20   0 3622228 323940 124240 S   0.7  18.5   0:31.15 gnome-s+ (B[m[39;49m[K
(B[m[1m   3577 king      20   0  231576   5392   3260 R   0.7   0.3   0:00.12 top      (B[m[39;49m[K
(B[m     66 root      20   0       0      0      0 I   0.3   0.0   0:04.18 kworker+ (B[m[39;49m[K
(B[m    100 root      20   0       0      0      0 I   0.3   0.0   0:04.32 kworker+ (B[m[39;49m[K
(B[m   3293 root      20   0       0      0      0 I   0.3   0.0   0:02.48 kworker+ (B[m[39;49m[K
(B[m      1 root      20   0   50008  41400  10088 S   0.0   2.4   0:02.87 systemd  (B[m[39;49m[K
(B[m      2 root      20   0       0      0      0 S   0.0   0.0   0:00.00 kthreadd (B[m[39;49m[K
(B[m      3 root      20   0       0      0      0 S   0.0   0.0   0:00.00 pool_wo+ (B[m[39;49m[K
(B[m      4 root       0 -20       0      0      0 I   0.0   0.0   0:00.00 kworker+ (B[m[39;49m[K
(B[m      5 root       0 -20       0      0      0 I   0.0   0.0   0:00.00 kworker+ (B[m[39;49m[K
(B[m      6 root       0 -20       0      0      0 I   0.0   0.0   0:00.00 kworker+ (B[m[39;49m[K
(B[m      7 root       0 -20       0      0      0 I   0.0   0.0   0:00.00 kworker+ (B[m[39;49m[K
(B[m     10 root       0 -20       0      0      0 I   0.0   0.0   0:00.32 kworker+ (B[m[39;49m[K
(B[m     13 root       0 -20       0      0      0 I   0.0   0.0   0:00.00 kworker+ (B[m[39;49m[K
(B[m     14 root      20   0       0      0      0 I   0.0   0.0   0:00.00 rcu_tas+ (B[m[39;49m[K
(B[m     15 root      20   0       0      0      0 I   0.0   0.0   0:00.00 rcu_tas+ (B[m[39;49m[K
(B[m     16 root      20   0       0      0      0 I   0.0   0.0   0:00.00 rcu_tas+ (B[m[39;49m[K[?25l[H(B[mtop - 23:12:20 up 35 min,  2 users,  load average: 0.02, 0.07, 0.11(B[m[39;49m(B[m[39;49m[K
Tasks:(B[m[39;49m[1m 205 (B[m[39;49mtotal,(B[m[39;49m[1m   1 (B[m[39;49mrunning,(B[m[39;49m[1m 204 (B[m[39;49msleeping,(B[m[39;49m[1m   0 (B[m[39;49mstopped,(B[m[39;49m[1m   0 (B[m[39;49mzombie(B[m[39;49m(B[m[39;49m[K
%Cpu(s):(B[m[39;49m[1m  0.0 (B[m[39;49mus,(B[m[39;49m[1m  0.4 (B[m[39;49msy,(B[m[39;49m[1m  0.0 (B[m[39;49mni,(B[m[39;49m[1m 97.0 (B[m[39;49mid,(B[m[39;49m[1m  0.0 (B[m[39;49mwa,(B[m[39;49m[1m  2.2 (B[m[39;49mhi,(B[m[39;49m[1m  0.4 (B[m[39;49msi,(B[m[39;49m[1m  0.0 (B[m[39;49mst(B[m[39;49m(B[m (B[m[39;49m(B[m[39;49m[K
MiB Mem :(B[m[39;49m[1m   1705.5 (B[m[39;49mtotal,(B[m[39;49m[1m    204.1 (B[m[39;49mfree,(B[m[39;49m[1m   1084.3 (B[m[39;49mused,(B[m[39;49m[1m    576.9 (B[m[39;49mbuff/cache(B[m[39;49m(B[m (B[m[39;49m(B[m    (B[m[39;49m(B[m[39;49m[K
MiB Swap:(B[m[39;49m[1m   2048.0 (B[m[39;49mtotal,(B[m[39;49m[1m   2047.7 (B[m[39;49mfree,(B[m[39;49m[1m      0.3 (B[m[39;49mused.(B[m[39;49m[1m    621.1 (B[m[39;49mavail Mem (B[m[39;49m(B[m[39;49m[K
[K
[7m    PID USER      PR  NI    VIRT    RES    SHR S  %CPU  %MEM     TIME+ COMMAND  (B[m[39;49m[K
(B[m   1197 root      20   0  162852   6160   4692 S   0.4   0.4   0:00.46 rsyslogd (B[m[39;49m[K
(B[m[1m   3577 king      20   0  231576   5392   3260 R   0.4   0.3   0:00.13 top      (B[m[39;49m[K
(B[m      1 root      20   0   50008  41400  10088 S   0.0   2.4   0:02.87 systemd  (B[m[39;49m[K
(B[m      2 root      20   0       0      0      0 S   0.0   0.0   0:00.00 kthreadd (B[m[39;49m[K
(B[m      3 root      20   0       0      0      0 S   0.0   0.0   0:00.00 pool_wo+ (B[m[39;49m[K
(B[m      4 root       0 -20       0      0      0 I   0.0   0.0   0:00.00 kworker+ (B[m[39;49m[K
(B[m      5 root       0 -20       0      0      0 I   0.0   0.0   0:00.00 kworker+ (B[m[39;49m[K
(B[m      6 root       0 -20       0      0      0 I   0.0   0.0   0:00.00 kworker+ (B[m[39;49m[K
(B[m      7 root       0 -20       0      0      0 I   0.0   0.0   0:00.00 kworker+ (B[m[39;49m[K
(B[m     10 root       0 -20       0      0      0 I   0.0   0.0   0:00.32 kworker+ (B[m[39;49m[K
(B[m     13 root       0 -20       0      0      0 I   0.0   0.0   0:00.00 kworker+ (B[m[39;49m[K
(B[m     14 root      20   0       0      0      0 I   0.0   0.0   0:00.00 rcu_tas+ (B[m[39;49m[K
(B[m     15 root      20   0       0      0      0 I   0.0   0.0   0:00.00 rcu_tas+ (B[m[39;49m[K
(B[m     16 root      20   0       0      0      0 I   0.0   0.0   0:00.00 rcu_tas+ (B[m[39;49m[K
(B[m     17 root      20   0       0      0      0 S   0.0   0.0   0:00.33 ksoftir+ (B[m[39;49m[K
(B[m     18 root      20   0       0      0      0 I   0.0   0.0   0:00.12 rcu_pre+ (B[m[39;49m[K
(B[m     19 root      20   0       0      0      0 S   0.0   0.0   0:00.00 rcu_exp+ (B[m[39;49m[K[?25l[HTasks:(B[m[39;49m[1m 205 (B[m[39;49mtotal,(B[m[39;49m[1m   1 (B[m[39;49mrunning,(B[m[39;49m[1m 204 (B[m[39;49msleeping,(B[m[39;49m[1m   0 (B[m[39;49mstopped,(B[m[39;49m[1m   0 (B[m[39;49mzombie(B[m[39;49m(B[m[39;49m[K
%Cpu(s):(B[m[39;49m[1m  0.0 (B[m[39;49mus,(B[m[39;49m[1m  1.2 (B[m[39;49msy,(B[m[39;49m[1m  0.0 (B[m[39;49mni,(B[m[39;49m[1m 94.2 (B[m[39;49mid,(B[m[39;49m[1m  0.0 (B[m[39;49mwa,(B[m[39;49m[1m  4.6 (B[m[39;49mhi,(B[m[39;49m[1m  0.0 (B[m[39;49msi,(B[m[39;49m[1m  0.0 (B[m[39;49mst(B[m[39;49m(B[m (B[m[39;49m(B[m[39;49m[K
MiB Mem :(B[m[39;49m[1m   1705.5 (B[m[39;49mtotal,(B[m[39;49m[1m    204.1 (B[m[39;49mfree,(B[m[39;49m[1m   1084.3 (B[m[39;49mused,(B[m[39;49m[1m    576.9 (B[m[39;49mbuff/cache(B[m[39;49m(B[m (B[m[39;49m(B[m    (B[m[39;49m(B[m[39;49m[K
MiB Swap:(B[m[39;49m[1m   2048.0 (B[m[39;49mtotal,(B[m[39;49m[1m   2047.7 (B[m[39;49mfree,(B[m[39;49m[1m      0.3 (B[m[39;49mused.(B[m[39;49m[1m    621.1 (B[m[39;49mavail Mem (B[m[39;49m(B[m[39;49m[K
[K
[7m    PID USER      PR  NI    VIRT    RES    SHR S  %CPU  %MEM     TIME+ COMMAND  (B[m[39;49m[K
(B[m   3157 king      20   0 1382360 314576  97396 S   0.8  18.0   0:20.66 ptyxis   (B[m[39;49m[K
(B[m     10 root       0 -20       0      0      0 I   0.4   0.0   0:00.33 kworker+ (B[m[39;49m[K
(B[m     66 root      20   0       0      0      0 I   0.4   0.0   0:04.19 kworker+ (B[m[39;49m[K
(B[m    746 root      20   0       0      0      0 S   0.4   0.0   0:00.32 xfsaild+ (B[m[39;49m[K
(B[m   1146 root      20   0  489264  27052  11664 S   0.4   1.5   0:00.66 tuned    (B[m[39;49m[K
(B[m   2511 king      20   0  607552  12060   5912 S   0.4   0.7   0:03.22 ibus-da+ (B[m[39;49m[K
(B[m   3293 root      20   0       0      0      0 I   0.4   0.0   0:02.49 kworker+ (B[m[39;49m[K
(B[m[1m   3577 king      20   0  231576   5392   3260 R   0.4   0.3   0:00.14 top      (B[m[39;49m[K
(B[m      1 root      20   0   50008  41400  10088 S   0.0   2.4   0:02.87 systemd  (B[m[39;49m[K
(B[m      2 root      20   0       0      0      0 S   0.0   0.0   0:00.00 kthreadd (B[m[39;49m[K
(B[m      3 root      20   0       0      0      0 S   0.0   0.0   0:00.00 pool_wo+ (B[m[39;49m[K
(B[m      4 root       0 -20       0      0      0 I   0.0   0.0   0:00.00 kworker+ (B[m[39;49m[K
(B[m      5 root       0 -20       0      0      0 I   0.0   0.0   0:00.00 kworker+ (B[m[39;49m[K
(B[m      6 root       0 -20       0      0      0 I   0.0   0.0   0:00.00 kworker+ (B[m[39;49m[K
(B[m      7 root       0 -20       0      0      0 I   0.0   0.0   0:00.00 kworker+ (B[m[39;49m[K
(B[m     13 root       0 -20       0      0      0 I   0.0   0.0   0:00.00 kworker+ (B[m[39;49m[K
(B[m     14 root      20   0       0      0      0 I   0.0   0.0   0:00.00 rcu_tas+ (B[m[39;49m[K
(B[m     15 root      20   0       0      0      0 I   0.0   0.0   0:00.00 rcu_tas+ (B[m[39;49m[K[5;1H[7m Command disabled, 'A' mode required [?25l(B[m[39;49m[K[?25l[HTasks:(B[m[39;49m[1m 205 (B[m[39;49mtotal,(B[m[39;49m[1m   1 (B[m[39;49mrunning,(B[m[39;49m[1m 204 (B[m[39;49msleeping,(B[m[39;49m[1m   0 (B[m[39;49mstopped,(B[m[39;49m[1m   0 (B[m[39;49mzombie(B[m[39;49m(B[m[39;49m[K
%Cpu(s):(B[m[39;49m[1m  0.0 (B[m[39;49mus,(B[m[39;49m[1m  0.6 (B[m[39;49msy,(B[m[39;49m[1m  0.0 (B[m[39;49mni,(B[m[39;49m[1m 94.3 (B[m[39;49mid,(B[m[39;49m[1m  0.0 (B[m[39;49mwa,(B[m[39;49m[1m  4.4 (B[m[39;49mhi,(B[m[39;49m[1m  0.6 (B[m[39;49msi,(B[m[39;49m[1m  0.0 (B[m[39;49mst(B[m[39;49m(B[m (B[m[39;49m(B[m[39;49m[K
MiB Mem :(B[m[39;49m[1m   1705.5 (B[m[39;49mtotal,(B[m[39;49m[1m    204.1 (B[m[39;49mfree,(B[m[39;49m[1m   1084.3 (B[m[39;49mused,(B[m[39;49m[1m    576.9 (B[m[39;49mbuff/cache(B[m[39;49m(B[m (B[m[39;49m(B[m    (B[m[39;49m(B[m[39;49m[K
MiB Swap:(B[m[39;49m[1m   2048.0 (B[m[39;49mtotal,(B[m[39;49m[1m   2047.7 (B[m[39;49mfree,(B[m[39;49m[1m      0.3 (B[m[39;49mused.(B[m[39;49m[1m    621.1 (B[m[39;49mavail Mem (B[m[39;49m(B[m[39;49m[K
[K
[7m    PID USER      PR  NI    VIRT    RES    SHR S  %CPU  %MEM     TIME+ COMMAND  (B[m[39;49m[K
(B[m   2435 king      20   0 3622228 323964 124240 S   2.3  18.6   0:31.19 gnome-s+ (B[m[39;49m[K
(B[m[1m   3577 king      20   0  231576   5392   3260 R   1.2   0.3   0:00.16 top      (B[m[39;49m[K
(B[m    100 root      20   0       0      0      0 I   0.6   0.0   0:04.33 kworker+ (B[m[39;49m[K
(B[m   1020 root      20   0  530484   7124   5908 S   0.6   0.4   0:01.79 upowerd  (B[m[39;49m[K
(B[m   3157 king      20   0 1382360 314576  97396 S   0.6  18.0   0:20.67 ptyxis   (B[m[39;49m[K
(B[m      1 root      20   0   50008  41400  10088 S   0.0   2.4   0:02.87 systemd  (B[m[39;49m[K
(B[m      2 root      20   0       0      0      0 S   0.0   0.0   0:00.00 kthreadd (B[m[39;49m[K
(B[m      3 root      20   0       0      0      0 S   0.0   0.0   0:00.00 pool_wo+ (B[m[39;49m[K
(B[m      4 root       0 -20       0      0      0 I   0.0   0.0   0:00.00 kworker+ (B[m[39;49m[K
(B[m      5 root       0 -20       0      0      0 I   0.0   0.0   0:00.00 kworker+ (B[m[39;49m[K
(B[m      6 root       0 -20       0      0      0 I   0.0   0.0   0:00.00 kworker+ (B[m[39;49m[K
(B[m      7 root       0 -20       0      0      0 I   0.0   0.0   0:00.00 kworker+ (B[m[39;49m[K
(B[m     10 root       0 -20       0      0      0 I   0.0   0.0   0:00.33 kworker+ (B[m[39;49m[K
(B[m     13 root       0 -20       0      0      0 I   0.0   0.0   0:00.00 kworker+ (B[m[39;49m[K
(B[m     14 root      20   0       0      0      0 I   0.0   0.0   0:00.00 rcu_tas+ (B[m[39;49m[K
(B[m     15 root      20   0       0      0      0 I   0.0   0.0   0:00.00 rcu_tas+ (B[m[39;49m[K
(B[m     16 root      20   0       0      0      0 I   0.0   0.0   0:00.00 rcu_tas+ (B[m[39;49m[K
(B[m     17 root      20   0       0      0      0 S   0.0   0.0   0:00.33 ksoftir+ (B[m[39;49m[K[?1l>[25;1H
[?12l[?25h[K